2025-01-03 23:00:45,040 - ERROR - One or more environment variables for file paths are missing.
2025-01-03 23:00:45,041 - ERROR - Failed to load preprocessor, model, or label encoder.
Traceback (most recent call last):
  File "C:\Users\User\ml-zoomcamp\capstone_1\src\predict.py", line 33, in <module>
    raise ValueError("Environment variables for file paths are not properly configured.")
ValueError: Environment variables for file paths are not properly configured.
2025-01-03 23:03:49,504 - ERROR - Failed to load preprocessor, model, or label encoder.
Traceback (most recent call last):
  File "C:\Users\User\ml-zoomcamp\capstone_1\src\predict.py", line 35, in <module>
    preprocessor = joblib.load(preprocessor_path)
  File "C:\Users\User\miniconda3\envs\air_quality_env\lib\site-packages\joblib\numpy_pickle.py", line 658, in load
    obj = _unpickle(fobj, filename, mmap_mode)
  File "C:\Users\User\miniconda3\envs\air_quality_env\lib\site-packages\joblib\numpy_pickle.py", line 577, in _unpickle
    obj = unpickler.load()
  File "C:\Users\User\miniconda3\envs\air_quality_env\lib\pickle.py", line 1212, in load
    dispatch[key[0]](self)
  File "C:\Users\User\miniconda3\envs\air_quality_env\lib\pickle.py", line 1537, in load_stack_global
    self.append(self.find_class(module, name))
  File "C:\Users\User\miniconda3\envs\air_quality_env\lib\pickle.py", line 1579, in find_class
    __import__(module, level=0)
ModuleNotFoundError: No module named 'preprocessing'
2025-01-03 23:07:18,556 - ERROR - One or more environment variables for file paths are missing.
2025-01-03 23:07:18,562 - ERROR - Failed to load preprocessor, model, or label encoder.
Traceback (most recent call last):
  File "C:\Users\User\ml-zoomcamp\capstone_1\src\predict.py", line 33, in <module>
    raise ValueError("Environment variables for file paths are not properly configured.")
ValueError: Environment variables for file paths are not properly configured.
2025-01-03 23:07:19,556 - ERROR - Failed to load preprocessor, model, or label encoder.
Traceback (most recent call last):
  File "C:\Users\User\ml-zoomcamp\capstone_1\src\predict.py", line 35, in <module>
    preprocessor = joblib.load(preprocessor_path)
  File "C:\Users\User\miniconda3\envs\air_quality_env\lib\site-packages\joblib\numpy_pickle.py", line 658, in load
    obj = _unpickle(fobj, filename, mmap_mode)
  File "C:\Users\User\miniconda3\envs\air_quality_env\lib\site-packages\joblib\numpy_pickle.py", line 577, in _unpickle
    obj = unpickler.load()
  File "C:\Users\User\miniconda3\envs\air_quality_env\lib\pickle.py", line 1212, in load
    dispatch[key[0]](self)
  File "C:\Users\User\miniconda3\envs\air_quality_env\lib\pickle.py", line 1537, in load_stack_global
    self.append(self.find_class(module, name))
  File "C:\Users\User\miniconda3\envs\air_quality_env\lib\pickle.py", line 1579, in find_class
    __import__(module, level=0)
ModuleNotFoundError: No module named 'preprocessing'
2025-01-03 23:07:21,684 - ERROR - One or more environment variables for file paths are missing.
2025-01-03 23:07:21,685 - ERROR - Failed to load preprocessor, model, or label encoder.
Traceback (most recent call last):
  File "C:\Users\User\ml-zoomcamp\capstone_1\src\predict.py", line 33, in <module>
    raise ValueError("Environment variables for file paths are not properly configured.")
ValueError: Environment variables for file paths are not properly configured.
2025-01-03 23:07:24,440 - ERROR - Failed to load preprocessor, model, or label encoder.
Traceback (most recent call last):
  File "C:\Users\User\ml-zoomcamp\capstone_1\src\predict.py", line 35, in <module>
    preprocessor = joblib.load(preprocessor_path)
  File "C:\Users\User\miniconda3\envs\air_quality_env\lib\site-packages\joblib\numpy_pickle.py", line 658, in load
    obj = _unpickle(fobj, filename, mmap_mode)
  File "C:\Users\User\miniconda3\envs\air_quality_env\lib\site-packages\joblib\numpy_pickle.py", line 577, in _unpickle
    obj = unpickler.load()
  File "C:\Users\User\miniconda3\envs\air_quality_env\lib\pickle.py", line 1212, in load
    dispatch[key[0]](self)
  File "C:\Users\User\miniconda3\envs\air_quality_env\lib\pickle.py", line 1537, in load_stack_global
    self.append(self.find_class(module, name))
  File "C:\Users\User\miniconda3\envs\air_quality_env\lib\pickle.py", line 1579, in find_class
    __import__(module, level=0)
ModuleNotFoundError: No module named 'preprocessing'
2025-01-03 23:11:50,142 - ERROR - One or more environment variables for file paths are missing.
2025-01-03 23:11:50,143 - ERROR - Failed to load preprocessor, model, or label encoder.
Traceback (most recent call last):
  File "C:\Users\User\ml-zoomcamp\capstone_1\src\predict.py", line 38, in <module>
    raise ValueError("Environment variables for file paths are not properly configured.")
ValueError: Environment variables for file paths are not properly configured.
